2022-05-14 16:05:38,214 [Worker-2: Loading available Gradle versions] INFO  o.e.b.c.i.u.g.PublishedGradleVersions - Gradle version information cache is out-of-date. Trying to update.
2022-05-14 16:06:44,169 [Worker-18: Creating maven-archetype-quickstart] INFO  o.e.m.c.i.p.ProjectConfigurationManager - Collecting project info '/pom.xml' C:\Users\Dell\eclipse-workspace\udemy\jarfile\SimpleDemo\pom.xml
2022-05-14 16:06:53,733 [Worker-18: Creating maven-archetype-quickstart] INFO  o.e.m.c.i.l.LifecycleMappingFactory - Using org.eclipse.m2e.jdt.JarLifecycleMapping lifecycle mapping for MavenProject: com.java:SimpleDemo:0.0.1-SNAPSHOT @ C:\Users\Dell\eclipse-workspace\udemy\jarfile\SimpleDemo\pom.xml.
2022-05-14 16:06:58,033 [Worker-18: Creating maven-archetype-quickstart] INFO  o.e.m.j.i.AbstractJavaProjectConfigurator - Adding source folder /SimpleDemo/src/main/java
2022-05-14 16:06:58,041 [Worker-18: Creating maven-archetype-quickstart] INFO  o.e.m.j.i.AbstractJavaProjectConfigurator - Adding source folder /SimpleDemo/src/test/java
2022-05-14 16:07:02,686 [Worker-18: Creating maven-archetype-quickstart] INFO  o.e.m.c.i.embedder.EclipseLogger - Using 'UTF-8' encoding to copy filtered resources.
2022-05-14 16:07:02,687 [Worker-18: Creating maven-archetype-quickstart] INFO  o.e.m.c.i.embedder.EclipseLogger - skip non existing resourceDirectory C:\Users\Dell\eclipse-workspace\udemy\jarfile\SimpleDemo\src\main\resources
2022-05-14 16:07:02,692 [Worker-18: Creating maven-archetype-quickstart] INFO  o.e.m.c.i.embedder.EclipseLogger - Using 'UTF-8' encoding to copy filtered resources.
2022-05-14 16:07:02,693 [Worker-18: Creating maven-archetype-quickstart] INFO  o.e.m.c.i.embedder.EclipseLogger - skip non existing resourceDirectory C:\Users\Dell\eclipse-workspace\udemy\jarfile\SimpleDemo\src\test\resources
2022-05-14 16:07:03,482 [Worker-18: Creating maven-archetype-quickstart] INFO  o.e.m.c.i.p.ProjectConfigurationManager - Imported and configured 1 project(s) in 19 sec
2022-05-14 16:11:44,803 [ModalContext] INFO  o.e.m.c.i.embedder.EclipseLogger - Using 'UTF-8' encoding to copy filtered resources.
2022-05-14 16:11:44,803 [ModalContext] INFO  o.e.m.c.i.embedder.EclipseLogger - skip non existing resourceDirectory C:\Users\Dell\eclipse-workspace\udemy\jarfile\SimpleDemo\src\main\resources
2022-05-14 16:11:44,804 [ModalContext] INFO  o.e.m.c.i.embedder.EclipseLogger - Using 'UTF-8' encoding to copy filtered resources.
2022-05-14 16:11:44,804 [ModalContext] INFO  o.e.m.c.i.embedder.EclipseLogger - skip non existing resourceDirectory C:\Users\Dell\eclipse-workspace\udemy\jarfile\SimpleDemo\src\test\resources
2022-05-14 16:12:26,398 [Worker-12: Creating maven-archetype-quickstart] INFO  o.e.m.c.i.p.ProjectConfigurationManager - Collecting project info '/pom.xml' C:\Users\Dell\eclipse-workspace\udemy\jarfile\RunningClass\pom.xml
2022-05-14 16:12:26,472 [Worker-12: Creating maven-archetype-quickstart] INFO  o.e.m.c.i.l.LifecycleMappingFactory - Using org.eclipse.m2e.jdt.JarLifecycleMapping lifecycle mapping for MavenProject: com.java:RunningClass:0.0.1-SNAPSHOT @ C:\Users\Dell\eclipse-workspace\udemy\jarfile\RunningClass\pom.xml.
2022-05-14 16:12:26,515 [Worker-12: Creating maven-archetype-quickstart] INFO  o.e.m.j.i.AbstractJavaProjectConfigurator - Adding source folder /RunningClass/src/main/java
2022-05-14 16:12:26,520 [Worker-12: Creating maven-archetype-quickstart] INFO  o.e.m.j.i.AbstractJavaProjectConfigurator - Adding source folder /RunningClass/src/test/java
2022-05-14 16:12:26,612 [Worker-12: Creating maven-archetype-quickstart] INFO  o.e.m.c.i.embedder.EclipseLogger - Using 'UTF-8' encoding to copy filtered resources.
2022-05-14 16:12:26,612 [Worker-12: Creating maven-archetype-quickstart] INFO  o.e.m.c.i.embedder.EclipseLogger - skip non existing resourceDirectory C:\Users\Dell\eclipse-workspace\udemy\jarfile\RunningClass\src\main\resources
2022-05-14 16:12:26,614 [Worker-12: Creating maven-archetype-quickstart] INFO  o.e.m.c.i.embedder.EclipseLogger - Using 'UTF-8' encoding to copy filtered resources.
2022-05-14 16:12:26,614 [Worker-12: Creating maven-archetype-quickstart] INFO  o.e.m.c.i.embedder.EclipseLogger - skip non existing resourceDirectory C:\Users\Dell\eclipse-workspace\udemy\jarfile\RunningClass\src\test\resources
2022-05-14 16:12:26,655 [Worker-12: Creating maven-archetype-quickstart] INFO  o.e.m.c.i.p.ProjectConfigurationManager - Imported and configured 1 project(s) in 0 sec
2022-05-14 16:32:43,777 [Worker-27: Launching Demo] INFO  o.e.m.c.i.embedder.EclipseLogger - Using 'UTF-8' encoding to copy filtered resources.
2022-05-14 16:32:43,778 [Worker-27: Launching Demo] INFO  o.e.m.c.i.embedder.EclipseLogger - skip non existing resourceDirectory C:\Users\Dell\eclipse-workspace\udemy\jarfile\SimpleDemo\src\main\resources
2022-05-14 16:32:43,779 [Worker-27: Launching Demo] INFO  o.e.m.c.i.embedder.EclipseLogger - Using 'UTF-8' encoding to copy filtered resources.
2022-05-14 16:32:43,780 [Worker-27: Launching Demo] INFO  o.e.m.c.i.embedder.EclipseLogger - skip non existing resourceDirectory C:\Users\Dell\eclipse-workspace\udemy\jarfile\SimpleDemo\src\test\resources
2022-05-14 16:34:07,971 [Worker-10: Launching Demo] INFO  o.e.m.c.i.embedder.EclipseLogger - Using 'UTF-8' encoding to copy filtered resources.
2022-05-14 16:34:07,971 [Worker-10: Launching Demo] INFO  o.e.m.c.i.embedder.EclipseLogger - skip non existing resourceDirectory C:\Users\Dell\eclipse-workspace\udemy\jarfile\SimpleDemo\src\main\resources
2022-05-14 16:34:07,972 [Worker-10: Launching Demo] INFO  o.e.m.c.i.embedder.EclipseLogger - Using 'UTF-8' encoding to copy filtered resources.
2022-05-14 16:34:07,973 [Worker-10: Launching Demo] INFO  o.e.m.c.i.embedder.EclipseLogger - skip non existing resourceDirectory C:\Users\Dell\eclipse-workspace\udemy\jarfile\SimpleDemo\src\test\resources
2022-05-14 16:37:37,051 [Worker-28: Launching Demo] INFO  o.e.m.c.i.embedder.EclipseLogger - Using 'UTF-8' encoding to copy filtered resources.
2022-05-14 16:37:37,052 [Worker-28: Launching Demo] INFO  o.e.m.c.i.embedder.EclipseLogger - skip non existing resourceDirectory C:\Users\Dell\eclipse-workspace\udemy\jarfile\SimpleDemo\src\main\resources
2022-05-14 16:37:37,053 [Worker-28: Launching Demo] INFO  o.e.m.c.i.embedder.EclipseLogger - Using 'UTF-8' encoding to copy filtered resources.
2022-05-14 16:37:37,053 [Worker-28: Launching Demo] INFO  o.e.m.c.i.embedder.EclipseLogger - skip non existing resourceDirectory C:\Users\Dell\eclipse-workspace\udemy\jarfile\SimpleDemo\src\test\resources
2022-05-14 16:41:30,475 [Worker-30: Launching Demo] INFO  o.e.m.c.i.embedder.EclipseLogger - Using 'UTF-8' encoding to copy filtered resources.
2022-05-14 16:41:30,476 [Worker-30: Launching Demo] INFO  o.e.m.c.i.embedder.EclipseLogger - skip non existing resourceDirectory C:\Users\Dell\eclipse-workspace\udemy\jarfile\SimpleDemo\src\main\resources
2022-05-14 16:41:30,478 [Worker-30: Launching Demo] INFO  o.e.m.c.i.embedder.EclipseLogger - Using 'UTF-8' encoding to copy filtered resources.
2022-05-14 16:41:30,478 [Worker-30: Launching Demo] INFO  o.e.m.c.i.embedder.EclipseLogger - skip non existing resourceDirectory C:\Users\Dell\eclipse-workspace\udemy\jarfile\SimpleDemo\src\test\resources
